New log file opened at Mon Oct 19 21:55:13 CEST 2015 by 11080@Kerems-MacBook-Pro.local
Sending msg to client play-fork-run-dfa8b7b0-6a59-427b-82ce-014e48bf05d1: DetachedLogEvent(LogMessage(debug,sbt server socket logs are in: /Users/keremuyanik/Documents/WebT/play-java/.sbtserver/connections/master.log))
Sending msg to client play-fork-run-dfa8b7b0-6a59-427b-82ce-014e48bf05d1: DetachedLogEvent(LogMessage(debug,sbt client logs are in: /Users/keremuyanik/Documents/WebT/play-java/.sbtserver/connections/play-fork-run-dfa8b7b0-6a59-427b-82ce-014e48bf05d1.log))
Sending msg to client play-fork-run-dfa8b7b0-6a59-427b-82ce-014e48bf05d1: DetachedLogEvent(LogMessage(debug,sbt general server logs are in: /Users/keremuyanik/Documents/WebT/play-java/.sbtserver/master.log))
Reading next message from client.
Got request: DaemonRequest(true)
Reading next message from client.
Sending msg to client play-fork-run-dfa8b7b0-6a59-427b-82ce-014e48bf05d1: (3,ReceivedResponse())
Got request: ListenToEvents()
Reading next message from client.
Sending msg to client play-fork-run-dfa8b7b0-6a59-427b-82ce-014e48bf05d1: BackgroundJobStarted(28,BackgroundJobInfo(2,backgroundRun,AttributeKey[sbt.BackgroundJobHandle]("backgroundRun") in Scope(Build: file:/Users/keremuyanik/Documents/WebT/play-java/, , Project: ProjectReference(file:/Users/keremuyanik/Documents/WebT/play-java/,root), Config: compile)))
Sending msg to client play-fork-run-dfa8b7b0-6a59-427b-82ce-014e48bf05d1: BackgroundJobStarted(5,BackgroundJobInfo(1,backgroundRun,AttributeKey[sbt.BackgroundJobHandle]("backgroundRun") in Scope(Build: file:/Users/keremuyanik/Documents/WebT/play-java/, , Project: ProjectReference(file:/Users/keremuyanik/Documents/WebT/play-java/,root), Config: compile)))
Sending msg to client play-fork-run-dfa8b7b0-6a59-427b-82ce-014e48bf05d1: (4,ReceivedResponse())
Got request: KeyLookupRequest(root/playForkConfig)
Reading next message from client.
Sending msg to client play-fork-run-dfa8b7b0-6a59-427b-82ce-014e48bf05d1: (5,KeyLookupResponse(root/playForkConfig,Vector(AttributeKey[play.forkrun.protocol.ForkConfig]("playForkConfig") in Scope(Build: file:/Users/keremuyanik/Documents/WebT/play-java/, , Project: ProjectReference(file:/Users/keremuyanik/Documents/WebT/play-java/,root)))))
Got request: ListenToValue(AttributeKey[play.forkrun.protocol.ForkConfig]("playForkConfig") in Scope(Build: file:/Users/keremuyanik/Documents/WebT/play-java/, , Project: ProjectReference(file:/Users/keremuyanik/Documents/WebT/play-java/,root)))
Reading next message from client.
Got request: KeyExecutionRequest(AttributeKey[play.forkrun.protocol.ForkConfig]("playForkConfig") in Scope(Build: file:/Users/keremuyanik/Documents/WebT/play-java/, , Project: ProjectReference(file:/Users/keremuyanik/Documents/WebT/play-java/,root)))
Reading next message from client.
Sending msg to client play-fork-run-dfa8b7b0-6a59-427b-82ce-014e48bf05d1: (6,ReceivedResponse())
Sending msg to client play-fork-run-dfa8b7b0-6a59-427b-82ce-014e48bf05d1: (7,ExecutionRequestReceived(29))
Sending msg to client play-fork-run-dfa8b7b0-6a59-427b-82ce-014e48bf05d1: ExecutionWaiting(29,{file:/Users/keremuyanik/Documents/WebT/play-java/}root/*:playForkConfig,ClientInfo(dfa8b7b0-6a59-427b-82ce-014e48bf05d1,play-fork-run,Play Fork Run,1,Vector()))
Sending msg to client play-fork-run-dfa8b7b0-6a59-427b-82ce-014e48bf05d1: ExecutionStarting(29)
Sending msg to client play-fork-run-dfa8b7b0-6a59-427b-82ce-014e48bf05d1: DetachedLogEvent(LogMessage(debug,> {file:/Users/keremuyanik/Documents/WebT/play-java/}root/*:playForkConfig))
Sending msg to client play-fork-run-dfa8b7b0-6a59-427b-82ce-014e48bf05d1: DetachedLogEvent(LogMessage(debug,Evaluating tasks: *:playForkConfig))
Sending msg to client play-fork-run-dfa8b7b0-6a59-427b-82ce-014e48bf05d1: DetachedLogEvent(LogMessage(debug,Running task... Cancel: sbt.server.ServerTaskCancellation@5940bb59, check cycles: false))
Sending msg to client play-fork-run-dfa8b7b0-6a59-427b-82ce-014e48bf05d1: DetachedLogEvent(LogMessage(debug,cancel strategy start enabled=true lastCommand=Some(LastCommand(CommandExecutionWork(ExecutionId(29),{file:/Users/keremuyanik/Documents/WebT/play-java/}root/*:playForkConfig,Set(LiveClient(play-fork-run dfa8b7b0-6a59-427b-82ce-014e48bf05d1)),sbt.server.WorkCancellationStatus$$anon$1@7e615869)))))
Sending msg to client play-fork-run-dfa8b7b0-6a59-427b-82ce-014e48bf05d1: TaskStarted(29,4872,None)
Sending msg to client play-fork-run-dfa8b7b0-6a59-427b-82ce-014e48bf05d1: TaskStarted(29,4874,Some(AttributeKey[java.lang.String]("updateCacheName") in Scope(Build: file:/Users/keremuyanik/Documents/WebT/play-java/, , Project: ProjectReference(file:/Users/keremuyanik/Documents/WebT/play-java/,root))))
Sending msg to client play-fork-run-dfa8b7b0-6a59-427b-82ce-014e48bf05d1: TaskStarted(29,4875,None)
Sending msg to client play-fork-run-dfa8b7b0-6a59-427b-82ce-014e48bf05d1: TaskStarted(29,4883,Some(AttributeKey[scala.collection.Seq[sbt.Credentials]]("credentials") in Scope(Global)))
Sending msg to client play-fork-run-dfa8b7b0-6a59-427b-82ce-014e48bf05d1: TaskStarted(29,4886,Some(AttributeKey[scala.Option[scala.collection.Seq[sbt.Resolver]]]("bootResolvers") in Scope(Build: file:/Users/keremuyanik/Documents/WebT/play-java/, , Project: ProjectReference(file:/Users/keremuyanik/Documents/WebT/play-java/,root))))
Sending msg to client play-fork-run-dfa8b7b0-6a59-427b-82ce-014e48bf05d1: TaskStarted(29,4887,Some(AttributeKey[scala.collection.Seq[sbt.Resolver]]("externalResolvers") in Scope(Build: file:/Users/keremuyanik/Documents/WebT/play-java/, , Project: ProjectReference(file:/Users/keremuyanik/Documents/WebT/play-java/,root))))
Sending msg to client play-fork-run-dfa8b7b0-6a59-427b-82ce-014e48bf05d1: TaskStarted(29,4898,None)
Sending msg to client play-fork-run-dfa8b7b0-6a59-427b-82ce-014e48bf05d1: TaskStarted(29,4899,None)
Sending msg to client play-fork-run-dfa8b7b0-6a59-427b-82ce-014e48bf05d1: TaskStarted(29,4900,Some(AttributeKey[boolean]("skip") in Scope(Global)))
Sending msg to client play-fork-run-dfa8b7b0-6a59-427b-82ce-014e48bf05d1: TaskStarted(29,4902,None)
Sending msg to client play-fork-run-dfa8b7b0-6a59-427b-82ce-014e48bf05d1: TaskStarted(29,4903,None)
Sending msg to client play-fork-run-dfa8b7b0-6a59-427b-82ce-014e48bf05d1: TaskStarted(29,4905,Some(AttributeKey[scala.Tuple2[java.lang.String,java.io.File]]("playPrefixAndAssets") in Scope(Build: file:/Users/keremuyanik/Documents/WebT/play-java/, , Project: ProjectReference(file:/Users/keremuyanik/Documents/WebT/play-java/,root))))
Sending msg to client play-fork-run-dfa8b7b0-6a59-427b-82ce-014e48bf05d1: TaskStarted(29,4906,Some(AttributeKey[scala.collection.Seq[java.lang.String]]("javaOptions") in Scope(Global)))
Sending msg to client play-fork-run-dfa8b7b0-6a59-427b-82ce-014e48bf05d1: TaskStarted(29,4907,Some(AttributeKey[scala.Option[java.lang.String]]("mainClass") in Scope(Build: file:/Users/keremuyanik/Documents/WebT/play-java/, , Project: ProjectReference(file:/Users/keremuyanik/Documents/WebT/play-java/,root), Config: compile, Task: AttributeKey[void]("run"))))
Sending msg to client play-fork-run-dfa8b7b0-6a59-427b-82ce-014e48bf05d1: TaskStarted(29,4909,None)
Sending msg to client play-fork-run-dfa8b7b0-6a59-427b-82ce-014e48bf05d1: TaskStarted(29,4921,None)
Sending msg to client play-fork-run-dfa8b7b0-6a59-427b-82ce-014e48bf05d1: TaskFinished(29,4872,None,true,None)
Sending msg to client play-fork-run-dfa8b7b0-6a59-427b-82ce-014e48bf05d1: TaskStarted(29,4871,None)
Sending msg to client play-fork-run-dfa8b7b0-6a59-427b-82ce-014e48bf05d1: TaskStarted(29,4878,None)
Sending msg to client play-fork-run-dfa8b7b0-6a59-427b-82ce-014e48bf05d1: TaskStarted(29,4882,None)
Sending msg to client play-fork-run-dfa8b7b0-6a59-427b-82ce-014e48bf05d1: TaskStarted(29,4892,None)
Sending msg to client play-fork-run-dfa8b7b0-6a59-427b-82ce-014e48bf05d1: TaskStarted(29,4893,None)
Sending msg to client play-fork-run-dfa8b7b0-6a59-427b-82ce-014e48bf05d1: TaskStarted(29,4911,None)
Sending msg to client play-fork-run-dfa8b7b0-6a59-427b-82ce-014e48bf05d1: TaskStarted(29,4915,None)
Sending msg to client play-fork-run-dfa8b7b0-6a59-427b-82ce-014e48bf05d1: TaskStarted(29,4922,None)
Sending msg to client play-fork-run-dfa8b7b0-6a59-427b-82ce-014e48bf05d1: TaskFinished(29,4875,None,true,None)
Sending msg to client play-fork-run-dfa8b7b0-6a59-427b-82ce-014e48bf05d1: TaskStarted(29,4879,Some(AttributeKey[java.io.File]("dependencyCacheDirectory") in Scope(Build: file:/Users/keremuyanik/Documents/WebT/play-java/, , Project: ProjectReference(file:/Users/keremuyanik/Documents/WebT/play-java/,root))))
Sending msg to client play-fork-run-dfa8b7b0-6a59-427b-82ce-014e48bf05d1: TaskStarted(29,4891,Some(AttributeKey[sbt.BuildStructure]("buildStructure") in Scope(Global)))
Sending msg to client play-fork-run-dfa8b7b0-6a59-427b-82ce-014e48bf05d1: TaskFinished(29,4874,Some(AttributeKey[java.lang.String]("updateCacheName") in Scope(Build: file:/Users/keremuyanik/Documents/WebT/play-java/, , Project: ProjectReference(file:/Users/keremuyanik/Documents/WebT/play-java/,root))),true,None)
Sending msg to client play-fork-run-dfa8b7b0-6a59-427b-82ce-014e48bf05d1: TaskFinished(29,4898,None,true,None)
Sending msg to client play-fork-run-dfa8b7b0-6a59-427b-82ce-014e48bf05d1: TaskFinished(29,4887,Some(AttributeKey[scala.collection.Seq[sbt.Resolver]]("externalResolvers") in Scope(Build: file:/Users/keremuyanik/Documents/WebT/play-java/, , Project: ProjectReference(file:/Users/keremuyanik/Documents/WebT/play-java/,root))),true,None)
Sending msg to client play-fork-run-dfa8b7b0-6a59-427b-82ce-014e48bf05d1: TaskFinished(29,4900,Some(AttributeKey[boolean]("skip") in Scope(Global)),true,None)
Sending msg to client play-fork-run-dfa8b7b0-6a59-427b-82ce-014e48bf05d1: TaskFinished(29,4899,None,true,None)
Sending msg to client play-fork-run-dfa8b7b0-6a59-427b-82ce-014e48bf05d1: TaskStarted(29,4897,Some(AttributeKey[scala.collection.Seq[sbt.UpdateReport]]("transitiveUpdate") in Scope(Build: file:/Users/keremuyanik/Documents/WebT/play-java/, , Project: ProjectReference(file:/Users/keremuyanik/Documents/WebT/play-java/,root))))
Sending msg to client play-fork-run-dfa8b7b0-6a59-427b-82ce-014e48bf05d1: TaskFinished(29,4902,None,true,None)
Sending msg to client play-fork-run-dfa8b7b0-6a59-427b-82ce-014e48bf05d1: TaskFinished(29,4903,None,true,None)
Sending msg to client play-fork-run-dfa8b7b0-6a59-427b-82ce-014e48bf05d1: TaskFinished(29,4886,Some(AttributeKey[scala.Option[scala.collection.Seq[sbt.Resolver]]]("bootResolvers") in Scope(Build: file:/Users/keremuyanik/Documents/WebT/play-java/, , Project: ProjectReference(file:/Users/keremuyanik/Documents/WebT/play-java/,root))),true,None)
Sending msg to client play-fork-run-dfa8b7b0-6a59-427b-82ce-014e48bf05d1: TaskFinished(29,4883,Some(AttributeKey[scala.collection.Seq[sbt.Credentials]]("credentials") in Scope(Global)),true,None)
Sending msg to client play-fork-run-dfa8b7b0-6a59-427b-82ce-014e48bf05d1: TaskFinished(29,4905,Some(AttributeKey[scala.Tuple2[java.lang.String,java.io.File]]("playPrefixAndAssets") in Scope(Build: file:/Users/keremuyanik/Documents/WebT/play-java/, , Project: ProjectReference(file:/Users/keremuyanik/Documents/WebT/play-java/,root))),true,None)
Sending msg to client play-fork-run-dfa8b7b0-6a59-427b-82ce-014e48bf05d1: TaskStarted(29,4904,Some(AttributeKey[scala.collection.Seq[scala.Tuple2[java.lang.String,java.io.File]]]("playAllAssets") in Scope(Build: file:/Users/keremuyanik/Documents/WebT/play-java/, , Project: ProjectReference(file:/Users/keremuyanik/Documents/WebT/play-java/,root))))
Sending msg to client play-fork-run-dfa8b7b0-6a59-427b-82ce-014e48bf05d1: TaskFinished(29,4906,Some(AttributeKey[scala.collection.Seq[java.lang.String]]("javaOptions") in Scope(Global)),true,None)
Sending msg to client play-fork-run-dfa8b7b0-6a59-427b-82ce-014e48bf05d1: TaskFinished(29,4907,Some(AttributeKey[scala.Option[java.lang.String]]("mainClass") in Scope(Build: file:/Users/keremuyanik/Documents/WebT/play-java/, , Project: ProjectReference(file:/Users/keremuyanik/Documents/WebT/play-java/,root), Config: compile, Task: AttributeKey[void]("run"))),true,None)
Sending msg to client play-fork-run-dfa8b7b0-6a59-427b-82ce-014e48bf05d1: TaskFinished(29,4909,None,true,None)
Sending msg to client play-fork-run-dfa8b7b0-6a59-427b-82ce-014e48bf05d1: TaskFinished(29,4921,None,true,None)
Sending msg to client play-fork-run-dfa8b7b0-6a59-427b-82ce-014e48bf05d1: TaskFinished(29,4871,None,true,None)
Sending msg to client play-fork-run-dfa8b7b0-6a59-427b-82ce-014e48bf05d1: TaskFinished(29,4893,None,true,None)
Sending msg to client play-fork-run-dfa8b7b0-6a59-427b-82ce-014e48bf05d1: TaskFinished(29,4878,None,true,None)
Sending msg to client play-fork-run-dfa8b7b0-6a59-427b-82ce-014e48bf05d1: TaskStarted(29,4877,Some(AttributeKey[scala.collection.immutable.Map[sbt.ModuleID,sbt.SourcePosition]]("dependencyPositions") in Scope(Build: file:/Users/keremuyanik/Documents/WebT/play-java/, , Project: ProjectReference(file:/Users/keremuyanik/Documents/WebT/play-java/,root))))
Sending msg to client play-fork-run-dfa8b7b0-6a59-427b-82ce-014e48bf05d1: TaskFinished(29,4911,None,true,None)
Sending msg to client play-fork-run-dfa8b7b0-6a59-427b-82ce-014e48bf05d1: TaskFinished(29,4882,None,true,None)
Sending msg to client play-fork-run-dfa8b7b0-6a59-427b-82ce-014e48bf05d1: TaskFinished(29,4915,None,true,None)
Sending msg to client play-fork-run-dfa8b7b0-6a59-427b-82ce-014e48bf05d1: TaskFinished(29,4922,None,true,None)
Sending msg to client play-fork-run-dfa8b7b0-6a59-427b-82ce-014e48bf05d1: TaskFinished(29,4892,None,true,None)
Sending msg to client play-fork-run-dfa8b7b0-6a59-427b-82ce-014e48bf05d1: TaskFinished(29,4879,Some(AttributeKey[java.io.File]("dependencyCacheDirectory") in Scope(Build: file:/Users/keremuyanik/Documents/WebT/play-java/, , Project: ProjectReference(file:/Users/keremuyanik/Documents/WebT/play-java/,root))),true,None)
Sending msg to client play-fork-run-dfa8b7b0-6a59-427b-82ce-014e48bf05d1: TaskFinished(29,4891,Some(AttributeKey[sbt.BuildStructure]("buildStructure") in Scope(Global)),true,None)
Sending msg to client play-fork-run-dfa8b7b0-6a59-427b-82ce-014e48bf05d1: TaskStarted(29,4890,Some(AttributeKey[sbt.Settings[sbt.Scope]]("settingsData") in Scope(Global)))
Sending msg to client play-fork-run-dfa8b7b0-6a59-427b-82ce-014e48bf05d1: TaskFinished(29,4897,Some(AttributeKey[scala.collection.Seq[sbt.UpdateReport]]("transitiveUpdate") in Scope(Build: file:/Users/keremuyanik/Documents/WebT/play-java/, , Project: ProjectReference(file:/Users/keremuyanik/Documents/WebT/play-java/,root))),true,None)
Sending msg to client play-fork-run-dfa8b7b0-6a59-427b-82ce-014e48bf05d1: TaskFinished(29,4904,Some(AttributeKey[scala.collection.Seq[scala.Tuple2[java.lang.String,java.io.File]]]("playAllAssets") in Scope(Build: file:/Users/keremuyanik/Documents/WebT/play-java/, , Project: ProjectReference(file:/Users/keremuyanik/Documents/WebT/play-java/,root))),true,None)
Sending msg to client play-fork-run-dfa8b7b0-6a59-427b-82ce-014e48bf05d1: TaskFinished(29,4877,Some(AttributeKey[scala.collection.immutable.Map[sbt.ModuleID,sbt.SourcePosition]]("dependencyPositions") in Scope(Build: file:/Users/keremuyanik/Documents/WebT/play-java/, , Project: ProjectReference(file:/Users/keremuyanik/Documents/WebT/play-java/,root))),true,None)
Sending msg to client play-fork-run-dfa8b7b0-6a59-427b-82ce-014e48bf05d1: TaskStarted(29,4876,Some(AttributeKey[sbt.UnresolvedWarningConfiguration]("unresolvedWarningConfiguration") in Scope(Build: file:/Users/keremuyanik/Documents/WebT/play-java/, , Project: ProjectReference(file:/Users/keremuyanik/Documents/WebT/play-java/,root), Task: AttributeKey[sbt.UpdateReport]("update"))))
Sending msg to client play-fork-run-dfa8b7b0-6a59-427b-82ce-014e48bf05d1: TaskFinished(29,4890,Some(AttributeKey[sbt.Settings[sbt.Scope]]("settingsData") in Scope(Global)),true,None)
Sending msg to client play-fork-run-dfa8b7b0-6a59-427b-82ce-014e48bf05d1: TaskStarted(29,4889,Some(AttributeKey[scala.collection.immutable.Map[org.apache.ivy.core.module.id.ModuleRevisionId,org.apache.ivy.core.module.descriptor.ModuleDescriptor]]("projectDescriptors") in Scope(Build: file:/Users/keremuyanik/Documents/WebT/play-java/, , Project: ProjectReference(file:/Users/keremuyanik/Documents/WebT/play-java/,root))))
Sending msg to client play-fork-run-dfa8b7b0-6a59-427b-82ce-014e48bf05d1: TaskStarted(29,4896,Some(AttributeKey[scala.collection.Seq[sbt.ModuleID]]("projectDependencies") in Scope(Build: file:/Users/keremuyanik/Documents/WebT/play-java/, , Project: ProjectReference(file:/Users/keremuyanik/Documents/WebT/play-java/,root))))
Sending msg to client play-fork-run-dfa8b7b0-6a59-427b-82ce-014e48bf05d1: TaskStarted(29,4901,None)
Sending msg to client play-fork-run-dfa8b7b0-6a59-427b-82ce-014e48bf05d1: TaskStarted(29,4908,Some(AttributeKey[scala.collection.Seq[java.io.File]]("playMonitoredFiles") in Scope(Build: file:/Users/keremuyanik/Documents/WebT/play-java/, , Project: ProjectReference(file:/Users/keremuyanik/Documents/WebT/play-java/,root))))
Sending msg to client play-fork-run-dfa8b7b0-6a59-427b-82ce-014e48bf05d1: TaskStarted(29,4914,None)
Sending msg to client play-fork-run-dfa8b7b0-6a59-427b-82ce-014e48bf05d1: TaskFinished(29,4876,Some(AttributeKey[sbt.UnresolvedWarningConfiguration]("unresolvedWarningConfiguration") in Scope(Build: file:/Users/keremuyanik/Documents/WebT/play-java/, , Project: ProjectReference(file:/Users/keremuyanik/Documents/WebT/play-java/,root), Task: AttributeKey[sbt.UpdateReport]("update"))),true,None)
Sending msg to client play-fork-run-dfa8b7b0-6a59-427b-82ce-014e48bf05d1: TaskStarted(29,4925,None)
Sending msg to client play-fork-run-dfa8b7b0-6a59-427b-82ce-014e48bf05d1: TaskFinished(29,4896,Some(AttributeKey[scala.collection.Seq[sbt.ModuleID]]("projectDependencies") in Scope(Build: file:/Users/keremuyanik/Documents/WebT/play-java/, , Project: ProjectReference(file:/Users/keremuyanik/Documents/WebT/play-java/,root))),true,None)
Sending msg to client play-fork-run-dfa8b7b0-6a59-427b-82ce-014e48bf05d1: TaskStarted(29,4895,Some(AttributeKey[scala.collection.Seq[sbt.ModuleID]]("allDependencies") in Scope(Build: file:/Users/keremuyanik/Documents/WebT/play-java/, , Project: ProjectReference(file:/Users/keremuyanik/Documents/WebT/play-java/,root))))
Sending msg to client play-fork-run-dfa8b7b0-6a59-427b-82ce-014e48bf05d1: TaskStarted(29,4926,None)
Sending msg to client play-fork-run-dfa8b7b0-6a59-427b-82ce-014e48bf05d1: TaskStarted(29,4930,None)
Sending msg to client play-fork-run-dfa8b7b0-6a59-427b-82ce-014e48bf05d1: TaskStarted(29,4931,None)
Sending msg to client play-fork-run-dfa8b7b0-6a59-427b-82ce-014e48bf05d1: TaskStarted(29,4934,None)
Sending msg to client play-fork-run-dfa8b7b0-6a59-427b-82ce-014e48bf05d1: TaskStarted(29,4935,None)
Sending msg to client play-fork-run-dfa8b7b0-6a59-427b-82ce-014e48bf05d1: TaskStarted(29,4937,None)
Sending msg to client play-fork-run-dfa8b7b0-6a59-427b-82ce-014e48bf05d1: TaskStarted(29,4938,None)
Sending msg to client play-fork-run-dfa8b7b0-6a59-427b-82ce-014e48bf05d1: TaskFinished(29,4925,None,true,None)
Sending msg to client play-fork-run-dfa8b7b0-6a59-427b-82ce-014e48bf05d1: TaskStarted(29,4924,None)
Sending msg to client play-fork-run-dfa8b7b0-6a59-427b-82ce-014e48bf05d1: TaskFinished(29,4895,Some(AttributeKey[scala.collection.Seq[sbt.ModuleID]]("allDependencies") in Scope(Build: file:/Users/keremuyanik/Documents/WebT/play-java/, , Project: ProjectReference(file:/Users/keremuyanik/Documents/WebT/play-java/,root))),true,None)
Sending msg to client play-fork-run-dfa8b7b0-6a59-427b-82ce-014e48bf05d1: TaskStarted(29,4894,Some(AttributeKey[sbt.ModuleSettings]("moduleSettings") in Scope(Build: file:/Users/keremuyanik/Documents/WebT/play-java/, , Project: ProjectReference(file:/Users/keremuyanik/Documents/WebT/play-java/,root))))
Sending msg to client play-fork-run-dfa8b7b0-6a59-427b-82ce-014e48bf05d1: TaskFinished(29,4926,None,true,None)
Sending msg to client play-fork-run-dfa8b7b0-6a59-427b-82ce-014e48bf05d1: TaskFinished(29,4901,None,true,None)
Sending msg to client play-fork-run-dfa8b7b0-6a59-427b-82ce-014e48bf05d1: TaskFinished(29,4930,None,true,None)
Sending msg to client play-fork-run-dfa8b7b0-6a59-427b-82ce-014e48bf05d1: TaskFinished(29,4931,None,true,None)
Sending msg to client play-fork-run-dfa8b7b0-6a59-427b-82ce-014e48bf05d1: TaskStarted(29,4929,Some(AttributeKey[scala.collection.Seq[sbt.Attributed[java.io.File]]]("unmanagedJars") in Scope(Build: file:/Users/keremuyanik/Documents/WebT/play-java/, , Project: ProjectReference(file:/Users/keremuyanik/Documents/WebT/play-java/,root), Config: runtime)))
Sending msg to client play-fork-run-dfa8b7b0-6a59-427b-82ce-014e48bf05d1: TaskFinished(29,4935,None,true,None)
Sending msg to client play-fork-run-dfa8b7b0-6a59-427b-82ce-014e48bf05d1: TaskFinished(29,4937,None,true,None)
Sending msg to client play-fork-run-dfa8b7b0-6a59-427b-82ce-014e48bf05d1: TaskStarted(29,4936,None)
Sending msg to client play-fork-run-dfa8b7b0-6a59-427b-82ce-014e48bf05d1: TaskFinished(29,4924,None,true,None)
Sending msg to client play-fork-run-dfa8b7b0-6a59-427b-82ce-014e48bf05d1: TaskFinished(29,4889,Some(AttributeKey[scala.collection.immutable.Map[org.apache.ivy.core.module.id.ModuleRevisionId,org.apache.ivy.core.module.descriptor.ModuleDescriptor]]("projectDescriptors") in Scope(Build: file:/Users/keremuyanik/Documents/WebT/play-java/, , Project: ProjectReference(file:/Users/keremuyanik/Documents/WebT/play-java/,root))),true,None)
Sending msg to client play-fork-run-dfa8b7b0-6a59-427b-82ce-014e48bf05d1: TaskStarted(29,4888,Some(AttributeKey[sbt.Resolver]("projectResolver") in Scope(Build: file:/Users/keremuyanik/Documents/WebT/play-java/, , Project: ProjectReference(file:/Users/keremuyanik/Documents/WebT/play-java/,root))))
Sending msg to client play-fork-run-dfa8b7b0-6a59-427b-82ce-014e48bf05d1: TaskFinished(29,4934,None,true,None)
Sending msg to client play-fork-run-dfa8b7b0-6a59-427b-82ce-014e48bf05d1: TaskStarted(29,4933,Some(AttributeKey[scala.collection.Seq[sbt.Attributed[java.io.File]]]("unmanagedJars") in Scope(Build: file:/Users/keremuyanik/Documents/WebT/play-java/, , Project: ProjectReference(file:/Users/keremuyanik/Documents/WebT/play-java/,root), Config: compile)))
Sending msg to client play-fork-run-dfa8b7b0-6a59-427b-82ce-014e48bf05d1: TaskFinished(29,4894,Some(AttributeKey[sbt.ModuleSettings]("moduleSettings") in Scope(Build: file:/Users/keremuyanik/Documents/WebT/play-java/, , Project: ProjectReference(file:/Users/keremuyanik/Documents/WebT/play-java/,root))),true,None)
Sending msg to client play-fork-run-dfa8b7b0-6a59-427b-82ce-014e48bf05d1: TaskFinished(29,4938,None,true,None)
Sending msg to client play-fork-run-dfa8b7b0-6a59-427b-82ce-014e48bf05d1: TaskFinished(29,4908,Some(AttributeKey[scala.collection.Seq[java.io.File]]("playMonitoredFiles") in Scope(Build: file:/Users/keremuyanik/Documents/WebT/play-java/, , Project: ProjectReference(file:/Users/keremuyanik/Documents/WebT/play-java/,root))),true,None)
Sending msg to client play-fork-run-dfa8b7b0-6a59-427b-82ce-014e48bf05d1: TaskFinished(29,4929,Some(AttributeKey[scala.collection.Seq[sbt.Attributed[java.io.File]]]("unmanagedJars") in Scope(Build: file:/Users/keremuyanik/Documents/WebT/play-java/, , Project: ProjectReference(file:/Users/keremuyanik/Documents/WebT/play-java/,root), Config: runtime)),true,None)
Sending msg to client play-fork-run-dfa8b7b0-6a59-427b-82ce-014e48bf05d1: TaskStarted(29,4939,None)
Sending msg to client play-fork-run-dfa8b7b0-6a59-427b-82ce-014e48bf05d1: TaskFinished(29,4888,Some(AttributeKey[sbt.Resolver]("projectResolver") in Scope(Build: file:/Users/keremuyanik/Documents/WebT/play-java/, , Project: ProjectReference(file:/Users/keremuyanik/Documents/WebT/play-java/,root))),true,None)
Sending msg to client play-fork-run-dfa8b7b0-6a59-427b-82ce-014e48bf05d1: TaskStarted(29,4885,Some(AttributeKey[scala.collection.Seq[sbt.Resolver]]("fullResolvers") in Scope(Build: file:/Users/keremuyanik/Documents/WebT/play-java/, , Project: ProjectReference(file:/Users/keremuyanik/Documents/WebT/play-java/,root))))
Sending msg to client play-fork-run-dfa8b7b0-6a59-427b-82ce-014e48bf05d1: TaskFinished(29,4933,Some(AttributeKey[scala.collection.Seq[sbt.Attributed[java.io.File]]]("unmanagedJars") in Scope(Build: file:/Users/keremuyanik/Documents/WebT/play-java/, , Project: ProjectReference(file:/Users/keremuyanik/Documents/WebT/play-java/,root), Config: compile)),true,None)
Sending msg to client play-fork-run-dfa8b7b0-6a59-427b-82ce-014e48bf05d1: TaskFinished(29,4939,None,true,None)
Sending msg to client play-fork-run-dfa8b7b0-6a59-427b-82ce-014e48bf05d1: TaskFinished(29,4936,None,true,None)
Sending msg to client play-fork-run-dfa8b7b0-6a59-427b-82ce-014e48bf05d1: TaskStarted(29,4932,Some(AttributeKey[scala.collection.Seq[sbt.Attributed[java.io.File]]]("unmanagedJars") in Scope(Build: file:/Users/keremuyanik/Documents/WebT/play-java/, , Project: ProjectReference(file:/Users/keremuyanik/Documents/WebT/play-java/,root), Config: compile)))
Sending msg to client play-fork-run-dfa8b7b0-6a59-427b-82ce-014e48bf05d1: TaskFinished(29,4885,Some(AttributeKey[scala.collection.Seq[sbt.Resolver]]("fullResolvers") in Scope(Build: file:/Users/keremuyanik/Documents/WebT/play-java/, , Project: ProjectReference(file:/Users/keremuyanik/Documents/WebT/play-java/,root))),true,None)
Sending msg to client play-fork-run-dfa8b7b0-6a59-427b-82ce-014e48bf05d1: TaskStarted(29,4884,Some(AttributeKey[sbt.IvyConfiguration]("ivyConfiguration") in Scope(Build: file:/Users/keremuyanik/Documents/WebT/play-java/, , Project: ProjectReference(file:/Users/keremuyanik/Documents/WebT/play-java/,root))))
Sending msg to client play-fork-run-dfa8b7b0-6a59-427b-82ce-014e48bf05d1: TaskFinished(29,4932,Some(AttributeKey[scala.collection.Seq[sbt.Attributed[java.io.File]]]("unmanagedJars") in Scope(Build: file:/Users/keremuyanik/Documents/WebT/play-java/, , Project: ProjectReference(file:/Users/keremuyanik/Documents/WebT/play-java/,root), Config: compile)),true,None)
Sending msg to client play-fork-run-dfa8b7b0-6a59-427b-82ce-014e48bf05d1: TaskStarted(29,4928,None)
Sending msg to client play-fork-run-dfa8b7b0-6a59-427b-82ce-014e48bf05d1: TaskFinished(29,4884,Some(AttributeKey[sbt.IvyConfiguration]("ivyConfiguration") in Scope(Build: file:/Users/keremuyanik/Documents/WebT/play-java/, , Project: ProjectReference(file:/Users/keremuyanik/Documents/WebT/play-java/,root))),true,None)
Sending msg to client play-fork-run-dfa8b7b0-6a59-427b-82ce-014e48bf05d1: TaskStarted(29,4881,Some(AttributeKey[sbt.IvySbt]("ivySbt") in Scope(Build: file:/Users/keremuyanik/Documents/WebT/play-java/, , Project: ProjectReference(file:/Users/keremuyanik/Documents/WebT/play-java/,root))))
Sending msg to client play-fork-run-dfa8b7b0-6a59-427b-82ce-014e48bf05d1: TaskFinished(29,4928,None,true,None)
Sending msg to client play-fork-run-dfa8b7b0-6a59-427b-82ce-014e48bf05d1: TaskStarted(29,4927,None)
Sending msg to client play-fork-run-dfa8b7b0-6a59-427b-82ce-014e48bf05d1: TaskFinished(29,4881,Some(AttributeKey[sbt.IvySbt]("ivySbt") in Scope(Build: file:/Users/keremuyanik/Documents/WebT/play-java/, , Project: ProjectReference(file:/Users/keremuyanik/Documents/WebT/play-java/,root))),true,None)
Sending msg to client play-fork-run-dfa8b7b0-6a59-427b-82ce-014e48bf05d1: TaskStarted(29,4880,Some(AttributeKey[sbt.IvySbt$Module]("ivyModule") in Scope(Build: file:/Users/keremuyanik/Documents/WebT/play-java/, , Project: ProjectReference(file:/Users/keremuyanik/Documents/WebT/play-java/,root))))
Sending msg to client play-fork-run-dfa8b7b0-6a59-427b-82ce-014e48bf05d1: TaskFinished(29,4927,None,true,None)
Sending msg to client play-fork-run-dfa8b7b0-6a59-427b-82ce-014e48bf05d1: TaskFinished(29,4914,None,true,None)
Sending msg to client play-fork-run-dfa8b7b0-6a59-427b-82ce-014e48bf05d1: TaskStarted(29,4913,Some(AttributeKey[scala.collection.Seq[sbt.Attributed[java.io.File]]]("unmanagedClasspath") in Scope(Build: file:/Users/keremuyanik/Documents/WebT/play-java/, , Project: ProjectReference(file:/Users/keremuyanik/Documents/WebT/play-java/,root), Config: runtime)))
Sending msg to client play-fork-run-dfa8b7b0-6a59-427b-82ce-014e48bf05d1: TaskFinished(29,4880,Some(AttributeKey[sbt.IvySbt$Module]("ivyModule") in Scope(Build: file:/Users/keremuyanik/Documents/WebT/play-java/, , Project: ProjectReference(file:/Users/keremuyanik/Documents/WebT/play-java/,root))),true,None)
Sending msg to client play-fork-run-dfa8b7b0-6a59-427b-82ce-014e48bf05d1: TaskStarted(29,4873,Some(AttributeKey[sbt.UpdateReport]("update") in Scope(Build: file:/Users/keremuyanik/Documents/WebT/play-java/, , Project: ProjectReference(file:/Users/keremuyanik/Documents/WebT/play-java/,root))))
Sending msg to client play-fork-run-dfa8b7b0-6a59-427b-82ce-014e48bf05d1: TaskFinished(29,4913,Some(AttributeKey[scala.collection.Seq[sbt.Attributed[java.io.File]]]("unmanagedClasspath") in Scope(Build: file:/Users/keremuyanik/Documents/WebT/play-java/, , Project: ProjectReference(file:/Users/keremuyanik/Documents/WebT/play-java/,root), Config: runtime)),true,None)
Sending msg to client play-fork-run-dfa8b7b0-6a59-427b-82ce-014e48bf05d1: TaskFinished(29,4873,Some(AttributeKey[sbt.UpdateReport]("update") in Scope(Build: file:/Users/keremuyanik/Documents/WebT/play-java/, , Project: ProjectReference(file:/Users/keremuyanik/Documents/WebT/play-java/,root))),true,None)
Sending msg to client play-fork-run-dfa8b7b0-6a59-427b-82ce-014e48bf05d1: TaskStarted(29,4870,Some(AttributeKey[sbt.UpdateReport]("update") in Scope(Build: file:/Users/keremuyanik/Documents/WebT/play-java/, , Project: ProjectReference(file:/Users/keremuyanik/Documents/WebT/play-java/,root))))
Sending msg to client play-fork-run-dfa8b7b0-6a59-427b-82ce-014e48bf05d1: TaskFinished(29,4870,Some(AttributeKey[sbt.UpdateReport]("update") in Scope(Build: file:/Users/keremuyanik/Documents/WebT/play-java/, , Project: ProjectReference(file:/Users/keremuyanik/Documents/WebT/play-java/,root))),true,None)
Sending msg to client play-fork-run-dfa8b7b0-6a59-427b-82ce-014e48bf05d1: TaskStarted(29,4869,Some(AttributeKey[scala.collection.Seq[sbt.Attributed[java.io.File]]]("managedClasspath") in Scope(Build: file:/Users/keremuyanik/Documents/WebT/play-java/, , Project: ProjectReference(file:/Users/keremuyanik/Documents/WebT/play-java/,root), Config: docs)))
Sending msg to client play-fork-run-dfa8b7b0-6a59-427b-82ce-014e48bf05d1: TaskStarted(29,4920,Some(AttributeKey[sbt.Configuration]("classpathConfiguration") in Scope(Build: file:/Users/keremuyanik/Documents/WebT/play-java/, , Project: ProjectReference(file:/Users/keremuyanik/Documents/WebT/play-java/,root), Config: compile)))
Sending msg to client play-fork-run-dfa8b7b0-6a59-427b-82ce-014e48bf05d1: TaskFinished(29,4920,Some(AttributeKey[sbt.Configuration]("classpathConfiguration") in Scope(Build: file:/Users/keremuyanik/Documents/WebT/play-java/, , Project: ProjectReference(file:/Users/keremuyanik/Documents/WebT/play-java/,root), Config: compile)),true,None)
Sending msg to client play-fork-run-dfa8b7b0-6a59-427b-82ce-014e48bf05d1: TaskStarted(29,4919,None)
Sending msg to client play-fork-run-dfa8b7b0-6a59-427b-82ce-014e48bf05d1: TaskFinished(29,4869,Some(AttributeKey[scala.collection.Seq[sbt.Attributed[java.io.File]]]("managedClasspath") in Scope(Build: file:/Users/keremuyanik/Documents/WebT/play-java/, , Project: ProjectReference(file:/Users/keremuyanik/Documents/WebT/play-java/,root), Config: docs)),true,None)
Sending msg to client play-fork-run-dfa8b7b0-6a59-427b-82ce-014e48bf05d1: TaskStarted(29,4923,Some(AttributeKey[scala.Option[java.io.File]]("playDocsJar") in Scope(Build: file:/Users/keremuyanik/Documents/WebT/play-java/, , Project: ProjectReference(file:/Users/keremuyanik/Documents/WebT/play-java/,root))))
Sending msg to client play-fork-run-dfa8b7b0-6a59-427b-82ce-014e48bf05d1: TaskFinished(29,4919,None,true,None)
Sending msg to client play-fork-run-dfa8b7b0-6a59-427b-82ce-014e48bf05d1: TaskStarted(29,4918,Some(AttributeKey[sbt.Configuration]("classpathConfiguration") in Scope(Build: file:/Users/keremuyanik/Documents/WebT/play-java/, , Project: ProjectReference(file:/Users/keremuyanik/Documents/WebT/play-java/,root), Config: runtime)))
Sending msg to client play-fork-run-dfa8b7b0-6a59-427b-82ce-014e48bf05d1: TaskFinished(29,4923,Some(AttributeKey[scala.Option[java.io.File]]("playDocsJar") in Scope(Build: file:/Users/keremuyanik/Documents/WebT/play-java/, , Project: ProjectReference(file:/Users/keremuyanik/Documents/WebT/play-java/,root))),true,None)
Sending msg to client play-fork-run-dfa8b7b0-6a59-427b-82ce-014e48bf05d1: TaskFinished(29,4918,Some(AttributeKey[sbt.Configuration]("classpathConfiguration") in Scope(Build: file:/Users/keremuyanik/Documents/WebT/play-java/, , Project: ProjectReference(file:/Users/keremuyanik/Documents/WebT/play-java/,root), Config: runtime)),true,None)
Sending msg to client play-fork-run-dfa8b7b0-6a59-427b-82ce-014e48bf05d1: TaskStarted(29,4917,None)
Sending msg to client play-fork-run-dfa8b7b0-6a59-427b-82ce-014e48bf05d1: TaskFinished(29,4917,None,true,None)
Sending msg to client play-fork-run-dfa8b7b0-6a59-427b-82ce-014e48bf05d1: TaskStarted(29,4916,Some(AttributeKey[scala.collection.Seq[sbt.Attributed[java.io.File]]]("managedClasspath") in Scope(Build: file:/Users/keremuyanik/Documents/WebT/play-java/, , Project: ProjectReference(file:/Users/keremuyanik/Documents/WebT/play-java/,root), Config: runtime)))
Sending msg to client play-fork-run-dfa8b7b0-6a59-427b-82ce-014e48bf05d1: TaskFinished(29,4916,Some(AttributeKey[scala.collection.Seq[sbt.Attributed[java.io.File]]]("managedClasspath") in Scope(Build: file:/Users/keremuyanik/Documents/WebT/play-java/, , Project: ProjectReference(file:/Users/keremuyanik/Documents/WebT/play-java/,root), Config: runtime)),true,None)
Sending msg to client play-fork-run-dfa8b7b0-6a59-427b-82ce-014e48bf05d1: TaskStarted(29,4912,None)
Sending msg to client play-fork-run-dfa8b7b0-6a59-427b-82ce-014e48bf05d1: TaskFinished(29,4912,None,true,None)
Sending msg to client play-fork-run-dfa8b7b0-6a59-427b-82ce-014e48bf05d1: TaskStarted(29,4910,Some(AttributeKey[scala.collection.Seq[sbt.Attributed[java.io.File]]]("playDependencyClasspath") in Scope(Build: file:/Users/keremuyanik/Documents/WebT/play-java/, , Project: ProjectReference(file:/Users/keremuyanik/Documents/WebT/play-java/,root))))
Sending msg to client play-fork-run-dfa8b7b0-6a59-427b-82ce-014e48bf05d1: TaskFinished(29,4910,Some(AttributeKey[scala.collection.Seq[sbt.Attributed[java.io.File]]]("playDependencyClasspath") in Scope(Build: file:/Users/keremuyanik/Documents/WebT/play-java/, , Project: ProjectReference(file:/Users/keremuyanik/Documents/WebT/play-java/,root))),true,None)
Sending msg to client play-fork-run-dfa8b7b0-6a59-427b-82ce-014e48bf05d1: TaskStarted(29,4868,Some(AttributeKey[play.forkrun.protocol.ForkConfig]("playForkConfig") in Scope(Build: file:/Users/keremuyanik/Documents/WebT/play-java/, , Project: ProjectReference(file:/Users/keremuyanik/Documents/WebT/play-java/,root))))
Sending msg to client play-fork-run-dfa8b7b0-6a59-427b-82ce-014e48bf05d1: TaskFinished(29,4868,Some(AttributeKey[play.forkrun.protocol.ForkConfig]("playForkConfig") in Scope(Build: file:/Users/keremuyanik/Documents/WebT/play-java/, , Project: ProjectReference(file:/Users/keremuyanik/Documents/WebT/play-java/,root))),true,None)
Sending msg to client play-fork-run-dfa8b7b0-6a59-427b-82ce-014e48bf05d1: ValueChanged(AttributeKey[play.forkrun.protocol.ForkConfig]("playForkConfig") in Scope(Build: file:/Users/keremuyanik/Documents/WebT/play-java/, , Project: ProjectReference(file:/Users/keremuyanik/Documents/WebT/play-java/,root)),TaskSuccess(BuildValue(LazyValue(ForkConfig(/Users/keremuyanik/Documents/WebT/play-java,List(),List(/Users/keremuyanik/Documents/WebT/play-java/lib/mysql-connector-java-5.1.30-bin.jar, /Users/keremuyanik/.ivy2/cache/org.scala-lang/scala-library/jars/scala-library-2.11.6.jar, /Users/keremuyanik/.ivy2/cache/com.typesafe.play/twirl-api_2.11/jars/twirl-api_2.11-1.1.1.jar, /Users/keremuyanik/.ivy2/cache/org.apache.commons/commons-lang3/jars/commons-lang3-3.4.jar, /Users/keremuyanik/.ivy2/cache/org.scala-lang.modules/scala-xml_2.11/bundles/scala-xml_2.11-1.0.1.jar, /Users/keremuyanik/.ivy2/cache/com.typesafe.play/play-enhancer/jars/play-enhancer-1.1.0.jar, /Users/keremuyanik/.ivy2/cache/com.typesafe.play/play-server_2.11/jars/play-server_2.11-2.4.3.jar, /Users/keremuyanik/.ivy2/cache/com.typesafe.play/play_2.11/jars/play_2.11-2.4.3.jar, /Users/keremuyanik/.ivy2/cache/com.typesafe.play/build-link/jars/build-link-2.4.3.jar, /Users/keremuyanik/.ivy2/cache/com.typesafe.play/play-exceptions/jars/play-exceptions-2.4.3.jar, /Users/keremuyanik/.ivy2/cache/org.javassist/javassist/bundles/javassist-3.19.0-GA.jar, /Users/keremuyanik/.ivy2/cache/com.typesafe.play/play-iteratees_2.11/jars/play-iteratees_2.11-2.4.3.jar, /Users/keremuyanik/.ivy2/cache/org.scala-stm/scala-stm_2.11/jars/scala-stm_2.11-0.7.jar, /Users/keremuyanik/.ivy2/cache/com.typesafe/config/bundles/config-1.3.0.jar, /Users/keremuyanik/.ivy2/cache/com.typesafe.play/play-json_2.11/jars/play-json_2.11-2.4.3.jar, /Users/keremuyanik/.ivy2/cache/com.typesafe.play/play-functional_2.11/jars/play-functional_2.11-2.4.3.jar, /Users/keremuyanik/.ivy2/cache/com.typesafe.play/play-datacommons_2.11/jars/play-datacommons_2.11-2.4.3.jar, /Users/keremuyanik/.ivy2/cache/joda-time/joda-time/jars/joda-time-2.8.1.jar, /Users/keremuyanik/.ivy2/cache/org.joda/joda-convert/jars/joda-convert-1.7.jar, /Users/keremuyanik/.ivy2/cache/org.scala-lang/scala-reflect/jars/scala-reflect-2.11.6.jar, /Users/keremuyanik/.ivy2/cache/com.fasterxml.jackson.core/jackson-core/bundles/jackson-core-2.5.4.jar, /Users/keremuyanik/.ivy2/cache/com.fasterxml.jackson.core/jackson-annotations/bundles/jackson-annotations-2.5.4.jar, /Users/keremuyanik/.ivy2/cache/com.fasterxml.jackson.core/jackson-databind/bundles/jackson-databind-2.5.4.jar, /Users/keremuyanik/.ivy2/cache/com.fasterxml.jackson.datatype/jackson-datatype-jdk8/bundles/jackson-datatype-jdk8-2.5.4.jar, /Users/keremuyanik/.ivy2/cache/com.fasterxml.jackson.datatype/jackson-datatype-jsr310/bundles/jackson-datatype-jsr310-2.5.4.jar, /Users/keremuyanik/.ivy2/cache/com.typesafe.play/play-netty-utils/jars/play-netty-utils-2.4.3.jar, /Users/keremuyanik/.ivy2/cache/org.slf4j/slf4j-api/jars/slf4j-api-1.7.12.jar, /Users/keremuyanik/.ivy2/cache/org.slf4j/jul-to-slf4j/jars/jul-to-slf4j-1.7.12.jar, /Users/keremuyanik/.ivy2/cache/org.slf4j/jcl-over-slf4j/jars/jcl-over-slf4j-1.7.12.jar, /Users/keremuyanik/.ivy2/cache/org.scala-lang.modules/scala-parser-combinators_2.11/bundles/scala-parser-combinators_2.11-1.0.1.jar, /Users/keremuyanik/.ivy2/cache/ch.qos.logback/logback-core/jars/logback-core-1.1.3.jar, /Users/keremuyanik/.ivy2/cache/ch.qos.logback/logback-classic/jars/logback-classic-1.1.3.jar, /Users/keremuyanik/.ivy2/cache/com.typesafe.akka/akka-actor_2.11/jars/akka-actor_2.11-2.3.13.jar, /Users/keremuyanik/.ivy2/cache/com.typesafe.akka/akka-slf4j_2.11/jars/akka-slf4j_2.11-2.3.13.jar, /Users/keremuyanik/.ivy2/cache/commons-codec/commons-codec/jars/commons-codec-1.10.jar, /Users/keremuyanik/.ivy2/cache/xerces/xercesImpl/jars/xercesImpl-2.11.0.jar, /Users/keremuyanik/.ivy2/cache/xml-apis/xml-apis/jars/xml-apis-1.4.01.jar, /Users/keremuyanik/.ivy2/cache/javax.transaction/jta/jars/jta-1.1.jar, /Users/keremuyanik/.ivy2/cache/com.google.inject/guice/jars/guice-4.0.jar, /Users/keremuyanik/.ivy2/cache/javax.inject/javax.inject/jars/javax.inject-1.jar, /Users/keremuyanik/.ivy2/cache/aopalliance/aopalliance/jars/aopalliance-1.0.jar, /Users/keremuyanik/.ivy2/cache/com.google.inject.extensions/guice-assistedinject/jars/guice-assistedinject-4.0.jar, /Users/keremuyanik/.ivy2/cache/com.typesafe.play/play-java_2.11/jars/play-java_2.11-2.4.3.jar, /Users/keremuyanik/.ivy2/cache/org.scala-lang.modules/scala-java8-compat_2.11/bundles/scala-java8-compat_2.11-0.3.0.jar, /Users/keremuyanik/.ivy2/cache/org.yaml/snakeyaml/bundles/snakeyaml-1.15.jar, /Users/keremuyanik/.ivy2/cache/org.hibernate/hibernate-validator/jars/hibernate-validator-5.0.3.Final.jar, /Users/keremuyanik/.ivy2/cache/javax.validation/validation-api/jars/validation-api-1.1.0.Final.jar, /Users/keremuyanik/.ivy2/cache/com.fasterxml/classmate/bundles/classmate-1.0.0.jar, /Users/keremuyanik/.ivy2/cache/org.jboss.logging/jboss-logging/jars/jboss-logging-3.2.1.Final.jar, /Users/keremuyanik/.ivy2/cache/org.springframework/spring-context/jars/spring-context-4.1.6.RELEASE.jar, /Users/keremuyanik/.ivy2/cache/org.springframework/spring-core/jars/spring-core-4.1.6.RELEASE.jar, /Users/keremuyanik/.ivy2/cache/org.springframework/spring-beans/jars/spring-beans-4.1.6.RELEASE.jar, /Users/keremuyanik/.ivy2/cache/org.reflections/reflections/jars/reflections-0.9.9.jar, /Users/keremuyanik/.ivy2/cache/com.google.guava/guava/bundles/guava-18.0.jar, /Users/keremuyanik/.ivy2/cache/com.google.code.findbugs/annotations/jars/annotations-2.0.1.jar, /Users/keremuyanik/.ivy2/cache/net.jodah/typetools/bundles/typetools-0.4.1.jar, /Users/keremuyanik/.ivy2/cache/com.google.code.findbugs/jsr305/jars/jsr305-2.0.3.jar, /Users/keremuyanik/.ivy2/cache/org.apache.tomcat/tomcat-servlet-api/jars/tomcat-servlet-api-8.0.21.jar, /Users/keremuyanik/.ivy2/cache/com.typesafe.play/play-netty-server_2.11/jars/play-netty-server_2.11-2.4.3.jar, /Users/keremuyanik/.ivy2/cache/io.netty/netty/bundles/netty-3.10.4.Final.jar, /Users/keremuyanik/.ivy2/cache/com.typesafe.netty/netty-http-pipelining/jars/netty-http-pipelining-1.1.4.jar, /Users/keremuyanik/.ivy2/cache/com.typesafe.play/play-java-jdbc_2.11/jars/play-java-jdbc_2.11-2.4.3.jar, /Users/keremuyanik/.ivy2/cache/com.typesafe.play/play-jdbc_2.11/jars/play-jdbc_2.11-2.4.3.jar, /Users/keremuyanik/.ivy2/cache/com.typesafe.play/play-jdbc-api_2.11/jars/play-jdbc-api_2.11-2.4.3.jar, /Users/keremuyanik/.ivy2/cache/com.jolbox/bonecp/bundles/bonecp-0.8.0.RELEASE.jar, /Users/keremuyanik/.ivy2/cache/com.zaxxer/HikariCP/bundles/HikariCP-2.3.7.jar, /Users/keremuyanik/.ivy2/cache/com.h2database/h2/jars/h2-1.4.187.jar, /Users/keremuyanik/.ivy2/cache/tyrex/tyrex/jars/tyrex-1.0.1.jar, /Users/keremuyanik/.ivy2/cache/com.typesafe.play/play-cache_2.11/jars/play-cache_2.11-2.4.3.jar, /Users/keremuyanik/.ivy2/cache/net.sf.ehcache/ehcache-core/jars/ehcache-core-2.6.11.jar, /Users/keremuyanik/.ivy2/cache/com.typesafe.play/play-java-ws_2.11/jars/play-java-ws_2.11-2.4.3.jar, /Users/keremuyanik/.ivy2/cache/com.typesafe.play/play-ws_2.11/jars/play-ws_2.11-2.4.3.jar, /Users/keremuyanik/.ivy2/cache/com.ning/async-http-client/jars/async-http-client-1.9.21.jar, /Users/keremuyanik/.ivy2/cache/oauth.signpost/signpost-core/jars/signpost-core-1.2.1.2.jar, /Users/keremuyanik/.ivy2/cache/oauth.signpost/signpost-commonshttp4/jars/signpost-commonshttp4-1.2.1.2.jar, /Users/keremuyanik/.ivy2/cache/org.apache.httpcomponents/httpcore/jars/httpcore-4.0.1.jar, /Users/keremuyanik/.ivy2/cache/org.apache.httpcomponents/httpclient/jars/httpclient-4.0.1.jar, /Users/keremuyanik/.ivy2/cache/commons-logging/commons-logging/jars/commons-logging-1.1.1.jar),List((public/,/Users/keremuyanik/Documents/WebT/play-java/target/web/public/main)),List(/Users/keremuyanik/.ivy2/cache/com.typesafe.play/play-omnidoc_2.11/jars/play-omnidoc_2.11-2.4.3.jar, /Users/keremuyanik/.ivy2/cache/org.scala-lang/scala-library/jars/scala-library-2.11.6.jar, /Users/keremuyanik/.ivy2/cache/com.typesafe.play/play-docs_2.11/jars/play-docs_2.11-2.4.3.jar, /Users/keremuyanik/.ivy2/cache/com.typesafe.play/play-netty-server_2.11/jars/play-netty-server_2.11-2.4.3.jar, /Users/keremuyanik/.ivy2/cache/com.typesafe.play/play-server_2.11/jars/play-server_2.11-2.4.3.jar, /Users/keremuyanik/.ivy2/cache/com.typesafe.play/play_2.11/jars/play_2.11-2.4.3.jar, /Users/keremuyanik/.ivy2/cache/com.typesafe.play/build-link/jars/build-link-2.4.3.jar, /Users/keremuyanik/.ivy2/cache/com.typesafe.play/play-exceptions/jars/play-exceptions-2.4.3.jar, /Users/keremuyanik/.ivy2/cache/org.javassist/javassist/bundles/javassist-3.19.0-GA.jar, /Users/keremuyanik/.ivy2/cache/com.typesafe.play/play-iteratees_2.11/jars/play-iteratees_2.11-2.4.3.jar, /Users/keremuyanik/.ivy2/cache/org.scala-stm/scala-stm_2.11/jars/scala-stm_2.11-0.7.jar, /Users/keremuyanik/.ivy2/cache/com.typesafe/config/bundles/config-1.3.0.jar, /Users/keremuyanik/.ivy2/cache/com.typesafe.play/play-json_2.11/jars/play-json_2.11-2.4.3.jar, /Users/keremuyanik/.ivy2/cache/com.typesafe.play/play-functional_2.11/jars/play-functional_2.11-2.4.3.jar, /Users/keremuyanik/.ivy2/cache/com.typesafe.play/play-datacommons_2.11/jars/play-datacommons_2.11-2.4.3.jar, /Users/keremuyanik/.ivy2/cache/joda-time/joda-time/jars/joda-time-2.8.1.jar, /Users/keremuyanik/.ivy2/cache/org.joda/joda-convert/jars/joda-convert-1.7.jar, /Users/keremuyanik/.ivy2/cache/org.scala-lang/scala-reflect/jars/scala-reflect-2.11.6.jar, /Users/keremuyanik/.ivy2/cache/com.fasterxml.jackson.core/jackson-core/bundles/jackson-core-2.5.4.jar, /Users/keremuyanik/.ivy2/cache/com.fasterxml.jackson.core/jackson-annotations/bundles/jackson-annotations-2.5.4.jar, /Users/keremuyanik/.ivy2/cache/com.fasterxml.jackson.core/jackson-databind/bundles/jackson-databind-2.5.4.jar, /Users/keremuyanik/.ivy2/cache/com.fasterxml.jackson.datatype/jackson-datatype-jdk8/bundles/jackson-datatype-jdk8-2.5.4.jar, /Users/keremuyanik/.ivy2/cache/com.fasterxml.jackson.datatype/jackson-datatype-jsr310/bundles/jackson-datatype-jsr310-2.5.4.jar, /Users/keremuyanik/.ivy2/cache/com.typesafe.play/play-netty-utils/jars/play-netty-utils-2.4.3.jar, /Users/keremuyanik/.ivy2/cache/org.slf4j/slf4j-api/jars/slf4j-api-1.7.12.jar, /Users/keremuyanik/.ivy2/cache/org.slf4j/jul-to-slf4j/jars/jul-to-slf4j-1.7.12.jar, /Users/keremuyanik/.ivy2/cache/org.slf4j/jcl-over-slf4j/jars/jcl-over-slf4j-1.7.12.jar, /Users/keremuyanik/.ivy2/cache/com.typesafe.play/twirl-api_2.11/jars/twirl-api_2.11-1.1.1.jar, /Users/keremuyanik/.ivy2/cache/org.apache.commons/commons-lang3/jars/commons-lang3-3.4.jar, /Users/keremuyanik/.ivy2/cache/org.scala-lang.modules/scala-xml_2.11/bundles/scala-xml_2.11-1.0.1.jar, /Users/keremuyanik/.ivy2/cache/org.scala-lang.modules/scala-parser-combinators_2.11/bundles/scala-parser-combinators_2.11-1.0.1.jar, /Users/keremuyanik/.ivy2/cache/ch.qos.logback/logback-core/jars/logback-core-1.1.3.jar, /Users/keremuyanik/.ivy2/cache/ch.qos.logback/logback-classic/jars/logback-classic-1.1.3.jar, /Users/keremuyanik/.ivy2/cache/com.typesafe.akka/akka-actor_2.11/jars/akka-actor_2.11-2.3.13.jar, /Users/keremuyanik/.ivy2/cache/com.typesafe.akka/akka-slf4j_2.11/jars/akka-slf4j_2.11-2.3.13.jar, /Users/keremuyanik/.ivy2/cache/commons-codec/commons-codec/jars/commons-codec-1.10.jar, /Users/keremuyanik/.ivy2/cache/xerces/xercesImpl/jars/xercesImpl-2.11.0.jar, /Users/keremuyanik/.ivy2/cache/xml-apis/xml-apis/jars/xml-apis-1.4.01.jar, /Users/keremuyanik/.ivy2/cache/javax.transaction/jta/jars/jta-1.1.jar, /Users/keremuyanik/.ivy2/cache/com.google.inject/guice/jars/guice-4.0.jar, /Users/keremuyanik/.ivy2/cache/javax.inject/javax.inject/jars/javax.inject-1.jar, /Users/keremuyanik/.ivy2/cache/aopalliance/aopalliance/jars/aopalliance-1.0.jar, /Users/keremuyanik/.ivy2/cache/com.google.guava/guava/bundles/guava-16.0.1.jar, /Users/keremuyanik/.ivy2/cache/com.google.inject.extensions/guice-assistedinject/jars/guice-assistedinject-4.0.jar, /Users/keremuyanik/.ivy2/cache/io.netty/netty/bundles/netty-3.10.4.Final.jar, /Users/keremuyanik/.ivy2/cache/com.typesafe.netty/netty-http-pipelining/jars/netty-http-pipelining-1.1.4.jar, /Users/keremuyanik/.ivy2/cache/com.typesafe.play/play-doc_2.11/jars/play-doc_2.11-1.2.2.jar, /Users/keremuyanik/.ivy2/cache/org.pegdown/pegdown/jars/pegdown-1.4.0.jar, /Users/keremuyanik/.ivy2/cache/org.parboiled/parboiled-java/bundles/parboiled-java-1.1.5.jar, /Users/keremuyanik/.ivy2/cache/org.parboiled/parboiled-core/bundles/parboiled-core-1.1.5.jar, /Users/keremuyanik/.ivy2/cache/org.ow2.asm/asm/jars/asm-4.1.jar, /Users/keremuyanik/.ivy2/cache/org.ow2.asm/asm-tree/jars/asm-tree-4.1.jar, /Users/keremuyanik/.ivy2/cache/org.ow2.asm/asm-analysis/jars/asm-analysis-4.1.jar, /Users/keremuyanik/.ivy2/cache/org.ow2.asm/asm-util/jars/asm-util-4.1.jar, /Users/keremuyanik/.ivy2/cache/commons-io/commons-io/jars/commons-io-2.4.jar),Some(/Users/keremuyanik/.ivy2/cache/com.typesafe.play/play-omnidoc_2.11/jars/play-omnidoc_2.11-2.4.3.jar),List(),9000,0.0.0.0,DefaultWatchService,List(/Users/keremuyanik/Documents/WebT/play-java/public, /Users/keremuyanik/Documents/WebT/play-java/conf, /Users/keremuyanik/Documents/WebT/play-java/app),/Users/keremuyanik/Documents/WebT/play-java/target,500,root/playForkNotifyStart,root/playForkReload,300000,play.core.server.DevServerStart),scala.pickling.PicklerUnpickler$DelegatingPicklerUnpickler@56cbbc7d),ForkConfig(/Users/keremuyanik/Documents/WebT/play-java,List(),List(/Users/keremuyanik/Documents/WebT/play-java/lib/mysql-connector-java-5.1.30-bin.jar, /Users/keremuyanik/.ivy2/cache/org.scala-lang/scala-library/jars/scala-library-2.11.6.jar, /Users/keremuyanik/.ivy2/cache/com.typesafe.play/twirl-api_2.11/jars/twirl-api_2.11-1.1.1.jar, /Users/keremuyanik/.ivy2/cache/org.apache.commons/commons-lang3/jars/commons-lang3-3.4.jar, /Users/keremuyanik/.ivy2/cache/org.scala-lang.modules/scala-xml_2.11/bundles/scala-xml_2.11-1.0.1.jar, /Users/keremuyanik/.ivy2/cache/com.typesafe.play/play-enhancer/jars/play-enhancer-1.1.0.jar, /Users/keremuyanik/.ivy2/cache/com.typesafe.play/play-server_2.11/jars/play-server_2.11-2.4.3.jar, /Users/keremuyanik/.ivy2/cache/com.typesafe.play/play_2.11/jars/play_2.11-2.4.3.jar, /Users/keremuyanik/.ivy2/cache/com.typesafe.play/build-link/jars/build-link-2.4.3.jar, /Users/keremuyanik/.ivy2/cache/com.typesafe.play/play-exceptions/jars/play-exceptions-2.4.3.jar, /Users/keremuyanik/.ivy2/cache/org.javassist/javassist/bundles/javassist-3.19.0-GA.jar, /Users/keremuyanik/.ivy2/cache/com.typesafe.play/play-iteratees_2.11/jars/play-iteratees_2.11-2.4.3.jar, /Users/keremuyanik/.ivy2/cache/org.scala-stm/scala-stm_2.11/jars/scala-stm_2.11-0.7.jar, /Users/keremuyanik/.ivy2/cache/com.typesafe/config/bundles/config-1.3.0.jar, /Users/keremuyanik/.ivy2/cache/com.typesafe.play/play-json_2.11/jars/play-json_2.11-2.4.3.jar, /Users/keremuyanik/.ivy2/cache/com.typesafe.play/play-functional_2.11/jars/play-functional_2.11-2.4.3.jar, /Users/keremuyanik/.ivy2/cache/com.typesafe.play/play-datacommons_2.11/jars/play-datacommons_2.11-2.4.3.jar, /Users/keremuyanik/.ivy2/cache/joda-time/joda-time/jars/joda-time-2.8.1.jar, /Users/keremuyanik/.ivy2/cache/org.joda/joda-convert/jars/joda-convert-1.7.jar, /Users/keremuyanik/.ivy2/cache/org.scala-lang/scala-reflect/jars/scala-reflect-2.11.6.jar, /Users/keremuyanik/.ivy2/cache/com.fasterxml.jackson.core/jackson-core/bundles/jackson-core-2.5.4.jar, /Users/keremuyanik/.ivy2/cache/com.fasterxml.jackson.core/jackson-annotations/bundles/jackson-annotations-2.5.4.jar, /Users/keremuyanik/.ivy2/cache/com.fasterxml.jackson.core/jackson-databind/bundles/jackson-databind-2.5.4.jar, /Users/keremuyanik/.ivy2/cache/com.fasterxml.jackson.datatype/jackson-datatype-jdk8/bundles/jackson-datatype-jdk8-2.5.4.jar, /Users/keremuyanik/.ivy2/cache/com.fasterxml.jackson.datatype/jackson-datatype-jsr310/bundles/jackson-datatype-jsr310-2.5.4.jar, /Users/keremuyanik/.ivy2/cache/com.typesafe.play/play-netty-utils/jars/play-netty-utils-2.4.3.jar, /Users/keremuyanik/.ivy2/cache/org.slf4j/slf4j-api/jars/slf4j-api-1.7.12.jar, /Users/keremuyanik/.ivy2/cache/org.slf4j/jul-to-slf4j/jars/jul-to-slf4j-1.7.12.jar, /Users/keremuyanik/.ivy2/cache/org.slf4j/jcl-over-slf4j/jars/jcl-over-slf4j-1.7.12.jar, /Users/keremuyanik/.ivy2/cache/org.scala-lang.modules/scala-parser-combinators_2.11/bundles/scala-parser-combinators_2.11-1.0.1.jar, /Users/keremuyanik/.ivy2/cache/ch.qos.logback/logback-core/jars/logback-core-1.1.3.jar, /Users/keremuyanik/.ivy2/cache/ch.qos.logback/logback-classic/jars/logback-classic-1.1.3.jar, /Users/keremuyanik/.ivy2/cache/com.typesafe.akka/akka-actor_2.11/jars/akka-actor_2.11-2.3.13.jar, /Users/keremuyanik/.ivy2/cache/com.typesafe.akka/akka-slf4j_2.11/jars/akka-slf4j_2.11-2.3.13.jar, /Users/keremuyanik/.ivy2/cache/commons-codec/commons-codec/jars/commons-codec-1.10.jar, /Users/keremuyanik/.ivy2/cache/xerces/xercesImpl/jars/xercesImpl-2.11.0.jar, /Users/keremuyanik/.ivy2/cache/xml-apis/xml-apis/jars/xml-apis-1.4.01.jar, /Users/keremuyanik/.ivy2/cache/javax.transaction/jta/jars/jta-1.1.jar, /Users/keremuyanik/.ivy2/cache/com.google.inject/guice/jars/guice-4.0.jar, /Users/keremuyanik/.ivy2/cache/javax.inject/javax.inject/jars/javax.inject-1.jar, /Users/keremuyanik/.ivy2/cache/aopalliance/aopalliance/jars/aopalliance-1.0.jar, /Users/keremuyanik/.ivy2/cache/com.google.inject.extensions/guice-assistedinject/jars/guice-assistedinject-4.0.jar, /Users/keremuyanik/.ivy2/cache/com.typesafe.play/play-java_2.11/jars/play-java_2.11-2.4.3.jar, /Users/keremuyanik/.ivy2/cache/org.scala-lang.modules/scala-java8-compat_2.11/bundles/scala-java8-compat_2.11-0.3.0.jar, /Users/keremuyanik/.ivy2/cache/org.yaml/snakeyaml/bundles/snakeyaml-1.15.jar, /Users/keremuyanik/.ivy2/cache/org.hibernate/hibernate-validator/jars/hibernate-validator-5.0.3.Final.jar, /Users/keremuyanik/.ivy2/cache/javax.validation/validation-api/jars/validation-api-1.1.0.Final.jar, /Users/keremuyanik/.ivy2/cache/com.fasterxml/classmate/bundles/classmate-1.0.0.jar, /Users/keremuyanik/.ivy2/cache/org.jboss.logging/jboss-logging/jars/jboss-logging-3.2.1.Final.jar, /Users/keremuyanik/.ivy2/cache/org.springframework/spring-context/jars/spring-context-4.1.6.RELEASE.jar, /Users/keremuyanik/.ivy2/cache/org.springframework/spring-core/jars/spring-core-4.1.6.RELEASE.jar, /Users/keremuyanik/.ivy2/cache/org.springframework/spring-beans/jars/spring-beans-4.1.6.RELEASE.jar, /Users/keremuyanik/.ivy2/cache/org.reflections/reflections/jars/reflections-0.9.9.jar, /Users/keremuyanik/.ivy2/cache/com.google.guava/guava/bundles/guava-18.0.jar, /Users/keremuyanik/.ivy2/cache/com.google.code.findbugs/annotations/jars/annotations-2.0.1.jar, /Users/keremuyanik/.ivy2/cache/net.jodah/typetools/bundles/typetools-0.4.1.jar, /Users/keremuyanik/.ivy2/cache/com.google.code.findbugs/jsr305/jars/jsr305-2.0.3.jar, /Users/keremuyanik/.ivy2/cache/org.apache.tomcat/tomcat-servlet-api/jars/tomcat-servlet-api-8.0.21.jar, /Users/keremuyanik/.ivy2/cache/com.typesafe.play/play-netty-server_2.11/jars/play-netty-server_2.11-2.4.3.jar, /Users/keremuyanik/.ivy2/cache/io.netty/netty/bundles/netty-3.10.4.Final.jar, /Users/keremuyanik/.ivy2/cache/com.typesafe.netty/netty-http-pipelining/jars/netty-http-pipelining-1.1.4.jar, /Users/keremuyanik/.ivy2/cache/com.typesafe.play/play-java-jdbc_2.11/jars/play-java-jdbc_2.11-2.4.3.jar, /Users/keremuyanik/.ivy2/cache/com.typesafe.play/play-jdbc_2.11/jars/play-jdbc_2.11-2.4.3.jar, /Users/keremuyanik/.ivy2/cache/com.typesafe.play/play-jdbc-api_2.11/jars/play-jdbc-api_2.11-2.4.3.jar, /Users/keremuyanik/.ivy2/cache/com.jolbox/bonecp/bundles/bonecp-0.8.0.RELEASE.jar, /Users/keremuyanik/.ivy2/cache/com.zaxxer/HikariCP/bundles/HikariCP-2.3.7.jar, /Users/keremuyanik/.ivy2/cache/com.h2database/h2/jars/h2-1.4.187.jar, /Users/keremuyanik/.ivy2/cache/tyrex/tyrex/jars/tyrex-1.0.1.jar, /Users/keremuyanik/.ivy2/cache/com.typesafe.play/play-cache_2.11/jars/play-cache_2.11-2.4.3.jar, /Users/keremuyanik/.ivy2/cache/net.sf.ehcache/ehcache-core/jars/ehcache-core-2.6.11.jar, /Users/keremuyanik/.ivy2/cache/com.typesafe.play/play-java-ws_2.11/jars/play-java-ws_2.11-2.4.3.jar, /Users/keremuyanik/.ivy2/cache/com.typesafe.play/play-ws_2.11/jars/play-ws_2.11-2.4.3.jar, /Users/keremuyanik/.ivy2/cache/com.ning/async-http-client/jars/async-http-client-1.9.21.jar, /Users/keremuyanik/.ivy2/cache/oauth.signpost/signpost-core/jars/signpost-core-1.2.1.2.jar, /Users/keremuyanik/.ivy2/cache/oauth.signpost/signpost-commonshttp4/jars/signpost-commonshttp4-1.2.1.2.jar, /Users/keremuyanik/.ivy2/cache/org.apache.httpcomponents/httpcore/jars/httpcore-4.0.1.jar, /Users/keremuyanik/.ivy2/cache/org.apache.httpcomponents/httpclient/jars/httpclient-4.0.1.jar, /Users/keremuyanik/.ivy2/cache/commons-logging/commons-logging/jars/commons-logging-1.1.1.jar),List((public/,/Users/keremuyanik/Documents/WebT/play-java/target/web/public/main)),List(/Users/keremuyanik/.ivy2/cache/com.typesafe.play/play-omnidoc_2.11/jars/play-omnidoc_2.11-2.4.3.jar, /Users/keremuyanik/.ivy2/cache/org.scala-lang/scala-library/jars/scala-library-2.11.6.jar, /Users/keremuyanik/.ivy2/cache/com.typesafe.play/play-docs_2.11/jars/play-docs_2.11-2.4.3.jar, /Users/keremuyanik/.ivy2/cache/com.typesafe.play/play-netty-server_2.11/jars/play-netty-server_2.11-2.4.3.jar, /Users/keremuyanik/.ivy2/cache/com.typesafe.play/play-server_2.11/jars/play-server_2.11-2.4.3.jar, /Users/keremuyanik/.ivy2/cache/com.typesafe.play/play_2.11/jars/play_2.11-2.4.3.jar, /Users/keremuyanik/.ivy2/cache/com.typesafe.play/build-link/jars/build-link-2.4.3.jar, /Users/keremuyanik/.ivy2/cache/com.typesafe.play/play-exceptions/jars/play-exceptions-2.4.3.jar, /Users/keremuyanik/.ivy2/cache/org.javassist/javassist/bundles/javassist-3.19.0-GA.jar, /Users/keremuyanik/.ivy2/cache/com.typesafe.play/play-iteratees_2.11/jars/play-iteratees_2.11-2.4.3.jar, /Users/keremuyanik/.ivy2/cache/org.scala-stm/scala-stm_2.11/jars/scala-stm_2.11-0.7.jar, /Users/keremuyanik/.ivy2/cache/com.typesafe/config/bundles/config-1.3.0.jar, /Users/keremuyanik/.ivy2/cache/com.typesafe.play/play-json_2.11/jars/play-json_2.11-2.4.3.jar, /Users/keremuyanik/.ivy2/cache/com.typesafe.play/play-functional_2.11/jars/play-functional_2.11-2.4.3.jar, /Users/keremuyanik/.ivy2/cache/com.typesafe.play/play-datacommons_2.11/jars/play-datacommons_2.11-2.4.3.jar, /Users/keremuyanik/.ivy2/cache/joda-time/joda-time/jars/joda-time-2.8.1.jar, /Users/keremuyanik/.ivy2/cache/org.joda/joda-convert/jars/joda-convert-1.7.jar, /Users/keremuyanik/.ivy2/cache/org.scala-lang/scala-reflect/jars/scala-reflect-2.11.6.jar, /Users/keremuyanik/.ivy2/cache/com.fasterxml.jackson.core/jackson-core/bundles/jackson-core-2.5.4.jar, /Users/keremuyanik/.ivy2/cache/com.fasterxml.jackson.core/jackson-annotations/bundles/jackson-annotations-2.5.4.jar, /Users/keremuyanik/.ivy2/cache/com.fasterxml.jackson.core/jackson-databind/bundles/jackson-databind-2.5.4.jar, /Users/keremuyanik/.ivy2/cache/com.fasterxml.jackson.datatype/jackson-datatype-jdk8/bundles/jackson-datatype-jdk8-2.5.4.jar, /Users/keremuyanik/.ivy2/cache/com.fasterxml.jackson.datatype/jackson-datatype-jsr310/bundles/jackson-datatype-jsr310-2.5.4.jar, /Users/keremuyanik/.ivy2/cache/com.typesafe.play/play-netty-utils/jars/play-netty-utils-2.4.3.jar, /Users/keremuyanik/.ivy2/cache/org.slf4j/slf4j-api/jars/slf4j-api-1.7.12.jar, /Users/keremuyanik/.ivy2/cache/org.slf4j/jul-to-slf4j/jars/jul-to-slf4j-1.7.12.jar, /Users/keremuyanik/.ivy2/cache/org.slf4j/jcl-over-slf4j/jars/jcl-over-slf4j-1.7.12.jar, /Users/keremuyanik/.ivy2/cache/com.typesafe.play/twirl-api_2.11/jars/twirl-api_2.11-1.1.1.jar, /Users/keremuyanik/.ivy2/cache/org.apache.commons/commons-lang3/jars/commons-lang3-3.4.jar, /Users/keremuyanik/.ivy2/cache/org.scala-lang.modules/scala-xml_2.11/bundles/scala-xml_2.11-1.0.1.jar, /Users/keremuyanik/.ivy2/cache/org.scala-lang.modules/scala-parser-combinators_2.11/bundles/scala-parser-combinators_2.11-1.0.1.jar, /Users/keremuyanik/.ivy2/cache/ch.qos.logback/logback-core/jars/logback-core-1.1.3.jar, /Users/keremuyanik/.ivy2/cache/ch.qos.logback/logback-classic/jars/logback-classic-1.1.3.jar, /Users/keremuyanik/.ivy2/cache/com.typesafe.akka/akka-actor_2.11/jars/akka-actor_2.11-2.3.13.jar, /Users/keremuyanik/.ivy2/cache/com.typesafe.akka/akka-slf4j_2.11/jars/akka-slf4j_2.11-2.3.13.jar, /Users/keremuyanik/.ivy2/cache/commons-codec/commons-codec/jars/commons-codec-1.10.jar, /Users/keremuyanik/.ivy2/cache/xerces/xercesImpl/jars/xercesImpl-2.11.0.jar, /Users/keremuyanik/.ivy2/cache/xml-apis/xml-apis/jars/xml-apis-1.4.01.jar, /Users/keremuyanik/.ivy2/cache/javax.transaction/jta/jars/jta-1.1.jar, /Users/keremuyanik/.ivy2/cache/com.google.inject/guice/jars/guice-4.0.jar, /Users/keremuyanik/.ivy2/cache/javax.inject/javax.inject/jars/javax.inject-1.jar, /Users/keremuyanik/.ivy2/cache/aopalliance/aopalliance/jars/aopalliance-1.0.jar, /Users/keremuyanik/.ivy2/cache/com.google.guava/guava/bundles/guava-16.0.1.jar, /Users/keremuyanik/.ivy2/cache/com.google.inject.extensions/guice-assistedinject/jars/guice-assistedinject-4.0.jar, /Users/keremuyanik/.ivy2/cache/io.netty/netty/bundles/netty-3.10.4.Final.jar, /Users/keremuyanik/.ivy2/cache/com.typesafe.netty/netty-http-pipelining/jars/netty-http-pipelining-1.1.4.jar, /Users/keremuyanik/.ivy2/cache/com.typesafe.play/play-doc_2.11/jars/play-doc_2.11-1.2.2.jar, /Users/keremuyanik/.ivy2/cache/org.pegdown/pegdown/jars/pegdown-1.4.0.jar, /Users/keremuyanik/.ivy2/cache/org.parboiled/parboiled-java/bundles/parboiled-java-1.1.5.jar, /Users/keremuyanik/.ivy2/cache/org.parboiled/parboiled-core/bundles/parboiled-core-1.1.5.jar, /Users/keremuyanik/.ivy2/cache/org.ow2.asm/asm/jars/asm-4.1.jar, /Users/keremuyanik/.ivy2/cache/org.ow2.asm/asm-tree/jars/asm-tree-4.1.jar, /Users/keremuyanik/.ivy2/cache/org.ow2.asm/asm-analysis/jars/asm-analysis-4.1.jar, /Users/keremuyanik/.ivy2/cache/org.ow2.asm/asm-util/jars/asm-util-4.1.jar, /Users/keremuyanik/.ivy2/cache/commons-io/commons-io/jars/commons-io-2.4.jar),Some(/Users/keremuyanik/.ivy2/cache/com.typesafe.play/play-omnidoc_2.11/jars/play-omnidoc_2.11-2.4.3.jar),List(),9000,0.0.0.0,DefaultWatchService,List(/Users/keremuyanik/Documents/WebT/play-java/public, /Users/keremuyanik/Documents/WebT/play-java/conf, /Users/keremuyanik/Documents/WebT/play-java/app),/Users/keremuyanik/Documents/WebT/play-java/target,500,root/playForkNotifyStart,root/playForkReload,300000,play.core.server.DevServerStart))))
Sending msg to client play-fork-run-dfa8b7b0-6a59-427b-82ce-014e48bf05d1: TaskStarted(29,4867,None)
Sending msg to client play-fork-run-dfa8b7b0-6a59-427b-82ce-014e48bf05d1: TaskFinished(29,4867,None,true,None)
Sending msg to client play-fork-run-dfa8b7b0-6a59-427b-82ce-014e48bf05d1: TaskStarted(29,4866,None)
Sending msg to client play-fork-run-dfa8b7b0-6a59-427b-82ce-014e48bf05d1: TaskFinished(29,4866,None,true,None)
Sending msg to client play-fork-run-dfa8b7b0-6a59-427b-82ce-014e48bf05d1: DetachedLogEvent(LogMessage(debug,cancel strategy finish enabled=false lastCommand=Some(LastCommand(CommandExecutionWork(ExecutionId(29),{file:/Users/keremuyanik/Documents/WebT/play-java/}root/*:playForkConfig,Set(LiveClient(play-fork-run dfa8b7b0-6a59-427b-82ce-014e48bf05d1)),sbt.server.WorkCancellationStatus$$anon$1@7e615869)))))
Sending msg to client play-fork-run-dfa8b7b0-6a59-427b-82ce-014e48bf05d1: DetachedLogEvent(LogSuccess(Total time: 0 s, completed 19.10.2015 21:55:14))
Sending msg to client play-fork-run-dfa8b7b0-6a59-427b-82ce-014e48bf05d1: DetachedLogEvent(LogMessage(debug,> server-post-command-cleanup))
Sending msg to client play-fork-run-dfa8b7b0-6a59-427b-82ce-014e48bf05d1: ExecutionSuccess(29)
Sending msg to client play-fork-run-dfa8b7b0-6a59-427b-82ce-014e48bf05d1: DetachedLogEvent(LogMessage(debug,> server-handle-next-server-request))
Sending msg to client play-fork-run-dfa8b7b0-6a59-427b-82ce-014e48bf05d1: BackgroundJobLogEvent(2,LogMessage(info,))
Sending msg to client play-fork-run-dfa8b7b0-6a59-427b-82ce-014e48bf05d1: BackgroundJobLogEvent(2,LogMessage(info,[35m--- (Running the application, auto-reloading is enabled) ---[0m))
Sending msg to client play-fork-run-dfa8b7b0-6a59-427b-82ce-014e48bf05d1: BackgroundJobLogEvent(2,LogMessage(info,))
Sending msg to client play-fork-run-dfa8b7b0-6a59-427b-82ce-014e48bf05d1: BackgroundJobLogEvent(2,LogMessage(info,p.c.s.NettyServer - Listening for HTTP on /0:0:0:0:0:0:0:0:9000))
Sending msg to client play-fork-run-dfa8b7b0-6a59-427b-82ce-014e48bf05d1: BackgroundJobLogEvent(2,LogMessage(info,))
Sending msg to client play-fork-run-dfa8b7b0-6a59-427b-82ce-014e48bf05d1: BackgroundJobLogEvent(2,LogMessage(info,[32m(Server started, use Ctrl+D to stop and go back to the console...)[0m))
Sending msg to client play-fork-run-dfa8b7b0-6a59-427b-82ce-014e48bf05d1: BackgroundJobLogEvent(2,LogMessage(info,))
Got request: ExecutionRequest(root/playForkNotifyStart http://localhost:9000)
Reading next message from client.
Sending msg to client play-fork-run-dfa8b7b0-6a59-427b-82ce-014e48bf05d1: (8,ExecutionRequestReceived(30))
Sending msg to client play-fork-run-dfa8b7b0-6a59-427b-82ce-014e48bf05d1: ExecutionWaiting(30,root/playForkNotifyStart http://localhost:9000,ClientInfo(dfa8b7b0-6a59-427b-82ce-014e48bf05d1,play-fork-run,Play Fork Run,1,Vector()))
Sending msg to client play-fork-run-dfa8b7b0-6a59-427b-82ce-014e48bf05d1: ExecutionStarting(30)
Sending msg to client play-fork-run-dfa8b7b0-6a59-427b-82ce-014e48bf05d1: DetachedLogEvent(LogMessage(debug,> root/playForkNotifyStart http://localhost:9000))
Sending msg to client play-fork-run-dfa8b7b0-6a59-427b-82ce-014e48bf05d1: DetachedLogEvent(LogMessage(debug,Evaluating tasks: *:playForkNotifyStart))
Sending msg to client play-fork-run-dfa8b7b0-6a59-427b-82ce-014e48bf05d1: DetachedLogEvent(LogMessage(debug,Running task... Cancel: sbt.server.ServerTaskCancellation@1b049c02, check cycles: false))
Sending msg to client play-fork-run-dfa8b7b0-6a59-427b-82ce-014e48bf05d1: DetachedLogEvent(LogMessage(debug,cancel strategy start enabled=true lastCommand=Some(LastCommand(CommandExecutionWork(ExecutionId(30),root/playForkNotifyStart http://localhost:9000,Set(LiveClient(play-fork-run dfa8b7b0-6a59-427b-82ce-014e48bf05d1)),sbt.server.WorkCancellationStatus$$anon$1@2ed7f9b9)))))
Sending msg to client play-fork-run-dfa8b7b0-6a59-427b-82ce-014e48bf05d1: TaskStarted(30,4944,Some(AttributeKey[sbt.SendEventService]("sendEventService") in Scope(Global)))
Sending msg to client play-fork-run-dfa8b7b0-6a59-427b-82ce-014e48bf05d1: TaskFinished(30,4944,Some(AttributeKey[sbt.SendEventService]("sendEventService") in Scope(Global)),true,None)
Sending msg to client play-fork-run-dfa8b7b0-6a59-427b-82ce-014e48bf05d1: TaskStarted(30,4943,Some(AttributeKey[scala.Function1[java.lang.String,void]]("playForkStarted") in Scope(Build: file:/Users/keremuyanik/Documents/WebT/play-java/, , Project: ProjectReference(file:/Users/keremuyanik/Documents/WebT/play-java/,root))))
Sending msg to client play-fork-run-dfa8b7b0-6a59-427b-82ce-014e48bf05d1: TaskFinished(30,4943,Some(AttributeKey[scala.Function1[java.lang.String,void]]("playForkStarted") in Scope(Build: file:/Users/keremuyanik/Documents/WebT/play-java/, , Project: ProjectReference(file:/Users/keremuyanik/Documents/WebT/play-java/,root))),true,None)
Sending msg to client play-fork-run-dfa8b7b0-6a59-427b-82ce-014e48bf05d1: TaskStarted(30,4942,Some(AttributeKey[void]("playForkNotifyStart") in Scope(Build: file:/Users/keremuyanik/Documents/WebT/play-java/, , Project: ProjectReference(file:/Users/keremuyanik/Documents/WebT/play-java/,root))))
Sending msg to client play-fork-run-dfa8b7b0-6a59-427b-82ce-014e48bf05d1: TaskEvent(4942,LazyValue(PlayServerStarted(http://localhost:9000),play.forkrun.protocol.Serializers$PlayForkrunProtocolPlayServerStartedPickler1$2$@6a212e1c))
Sending msg to client play-fork-run-dfa8b7b0-6a59-427b-82ce-014e48bf05d1: TaskFinished(30,4942,Some(AttributeKey[void]("playForkNotifyStart") in Scope(Build: file:/Users/keremuyanik/Documents/WebT/play-java/, , Project: ProjectReference(file:/Users/keremuyanik/Documents/WebT/play-java/,root))),true,None)
Sending msg to client play-fork-run-dfa8b7b0-6a59-427b-82ce-014e48bf05d1: TaskStarted(30,4941,None)
Sending msg to client play-fork-run-dfa8b7b0-6a59-427b-82ce-014e48bf05d1: TaskFinished(30,4941,None,true,None)
Sending msg to client play-fork-run-dfa8b7b0-6a59-427b-82ce-014e48bf05d1: TaskStarted(30,4940,None)
Sending msg to client play-fork-run-dfa8b7b0-6a59-427b-82ce-014e48bf05d1: TaskFinished(30,4940,None,true,None)
Sending msg to client play-fork-run-dfa8b7b0-6a59-427b-82ce-014e48bf05d1: DetachedLogEvent(LogMessage(debug,cancel strategy finish enabled=false lastCommand=Some(LastCommand(CommandExecutionWork(ExecutionId(30),root/playForkNotifyStart http://localhost:9000,Set(LiveClient(play-fork-run dfa8b7b0-6a59-427b-82ce-014e48bf05d1)),sbt.server.WorkCancellationStatus$$anon$1@2ed7f9b9)))))
Sending msg to client play-fork-run-dfa8b7b0-6a59-427b-82ce-014e48bf05d1: DetachedLogEvent(LogSuccess(Total time: 0 s, completed 19.10.2015 21:55:15))
Sending msg to client play-fork-run-dfa8b7b0-6a59-427b-82ce-014e48bf05d1: DetachedLogEvent(LogMessage(debug,> server-post-command-cleanup))
Sending msg to client play-fork-run-dfa8b7b0-6a59-427b-82ce-014e48bf05d1: ExecutionSuccess(30)
Sending msg to client play-fork-run-dfa8b7b0-6a59-427b-82ce-014e48bf05d1: DetachedLogEvent(LogMessage(debug,> server-handle-next-server-request))
Sending msg to client play-fork-run-dfa8b7b0-6a59-427b-82ce-014e48bf05d1: BackgroundJobLogEvent(1,LogMessage(info,Forked Play process did not exit on its own, terminating it))
Sending msg to client play-fork-run-dfa8b7b0-6a59-427b-82ce-014e48bf05d1: BackgroundJobFinished(5,1)
Sending msg to client play-fork-run-dfa8b7b0-6a59-427b-82ce-014e48bf05d1: ExecutionWaiting(31,jobStop 2,ClientInfo(d8018e22-ffec-4d83-906b-87f53f403276,activator,Activator,3,Vector()))
Sending msg to client play-fork-run-dfa8b7b0-6a59-427b-82ce-014e48bf05d1: ExecutionStarting(31)
Sending msg to client play-fork-run-dfa8b7b0-6a59-427b-82ce-014e48bf05d1: DetachedLogEvent(LogMessage(debug,> jobStop 2))
Sending msg to client play-fork-run-dfa8b7b0-6a59-427b-82ce-014e48bf05d1: DetachedLogEvent(LogMessage(debug,Evaluating tasks: *:jobStop))
Sending msg to client play-fork-run-dfa8b7b0-6a59-427b-82ce-014e48bf05d1: DetachedLogEvent(LogMessage(debug,Running task... Cancel: sbt.server.ServerTaskCancellation@77b05f72, check cycles: false))
Sending msg to client play-fork-run-dfa8b7b0-6a59-427b-82ce-014e48bf05d1: DetachedLogEvent(LogMessage(debug,cancel strategy start enabled=true lastCommand=Some(LastCommand(CommandExecutionWork(ExecutionId(31),jobStop 2,Set(LiveClient(activator d8018e22-ffec-4d83-906b-87f53f403276)),sbt.server.WorkCancellationStatus$$anon$1@25819455)))))
Sending msg to client play-fork-run-dfa8b7b0-6a59-427b-82ce-014e48bf05d1: TaskStarted(31,4947,Some(AttributeKey[void]("jobStop") in Scope(Global)))
Sending msg to client play-fork-run-dfa8b7b0-6a59-427b-82ce-014e48bf05d1: TaskFinished(31,4947,Some(AttributeKey[void]("jobStop") in Scope(Global)),true,None)
Sending msg to client play-fork-run-dfa8b7b0-6a59-427b-82ce-014e48bf05d1: TaskStarted(31,4946,None)
Sending msg to client play-fork-run-dfa8b7b0-6a59-427b-82ce-014e48bf05d1: TaskFinished(31,4946,None,true,None)
Sending msg to client play-fork-run-dfa8b7b0-6a59-427b-82ce-014e48bf05d1: TaskStarted(31,4945,None)
Sending msg to client play-fork-run-dfa8b7b0-6a59-427b-82ce-014e48bf05d1: TaskFinished(31,4945,None,true,None)
Sending msg to client play-fork-run-dfa8b7b0-6a59-427b-82ce-014e48bf05d1: DetachedLogEvent(LogMessage(debug,cancel strategy finish enabled=false lastCommand=Some(LastCommand(CommandExecutionWork(ExecutionId(31),jobStop 2,Set(LiveClient(activator d8018e22-ffec-4d83-906b-87f53f403276)),sbt.server.WorkCancellationStatus$$anon$1@25819455)))))
Sending msg to client play-fork-run-dfa8b7b0-6a59-427b-82ce-014e48bf05d1: DetachedLogEvent(LogSuccess(Total time: 0 s, completed 19.10.2015 21:55:28))
Sending msg to client play-fork-run-dfa8b7b0-6a59-427b-82ce-014e48bf05d1: DetachedLogEvent(LogMessage(debug,> server-post-command-cleanup))
Sending msg to client play-fork-run-dfa8b7b0-6a59-427b-82ce-014e48bf05d1: ExecutionSuccess(31)
Sending msg to client play-fork-run-dfa8b7b0-6a59-427b-82ce-014e48bf05d1: DetachedLogEvent(LogMessage(debug,> server-handle-next-server-request))
Sending msg to client play-fork-run-dfa8b7b0-6a59-427b-82ce-014e48bf05d1: BackgroundJobLogEvent(2,LogMessage(info,Stopping Play fork run ...))
Got request: UnlistenToEvents()
Reading next message from client.
Sending msg to client play-fork-run-dfa8b7b0-6a59-427b-82ce-014e48bf05d1: (9,ReceivedResponse())
Got request: UnlistenToValue(AttributeKey[play.forkrun.protocol.ForkConfig]("playForkConfig") in Scope(Build: file:/Users/keremuyanik/Documents/WebT/play-java/, , Project: ProjectReference(file:/Users/keremuyanik/Documents/WebT/play-java/,root)))
Reading next message from client.
Client play-fork-run-dfa8b7b0-6a59-427b-82ce-014e48bf05d1 EOF, shutting down.
Stopping client.
Client play-fork-run-dfa8b7b0-6a59-427b-82ce-014e48bf05d1 thread exiting.
Dropping message (10,ReceivedResponse()) to dead client play-fork-run-dfa8b7b0-6a59-427b-82ce-014e48bf05d1
Dropping message (0,ReceivedResponse()) to dead client play-fork-run-dfa8b7b0-6a59-427b-82ce-014e48bf05d1
